C:\USERS\LORENZO\DOCUMENTS\VISUAL STUDIO 2012\PROJECTS\MODELMAPPING_WIN\MODELMAPPING_WIN\X64\RELEASE\RND_POISS.OBJ
C:\USERS\LORENZO\DOCUMENTS\VISUAL STUDIO 2012\PROJECTS\MODELMAPPING_WIN\MODELMAPPING_WIN\X64\RELEASE\RND_GAMMA.OBJ
C:\USERS\LORENZO\DOCUMENTS\VISUAL STUDIO 2012\PROJECTS\MODELMAPPING_WIN\MODELMAPPING_WIN\X64\RELEASE\RND_EXP.OBJ
C:\USERS\LORENZO\DOCUMENTS\VISUAL STUDIO 2012\PROJECTS\MODELMAPPING_WIN\MODELMAPPING_WIN\X64\RELEASE\RND_BINOM.OBJ
C:\USERS\LORENZO\DOCUMENTS\VISUAL STUDIO 2012\PROJECTS\MODELMAPPING_WIN\MODELMAPPING_WIN\X64\RELEASE\READ.OBJ
C:\USERS\LORENZO\DOCUMENTS\VISUAL STUDIO 2012\PROJECTS\MODELMAPPING_WIN\MODELMAPPING_WIN\X64\RELEASE\RAN2.OBJ
C:\USERS\LORENZO\DOCUMENTS\VISUAL STUDIO 2012\PROJECTS\MODELMAPPING_WIN\MODELMAPPING_WIN\X64\RELEASE\PRINT_OUTPUT.OBJ
C:\USERS\LORENZO\DOCUMENTS\VISUAL STUDIO 2012\PROJECTS\MODELMAPPING_WIN\MODELMAPPING_WIN\X64\RELEASE\MAIN.OBJ
C:\USERS\LORENZO\DOCUMENTS\VISUAL STUDIO 2012\PROJECTS\MODELMAPPING_WIN\MODELMAPPING_WIN\X64\RELEASE\LOAD_NETWORK.OBJ
C:\USERS\LORENZO\DOCUMENTS\VISUAL STUDIO 2012\PROJECTS\MODELMAPPING_WIN\MODELMAPPING_WIN\X64\RELEASE\GAMMALN.OBJ
C:\USERS\LORENZO\DOCUMENTS\VISUAL STUDIO 2012\PROJECTS\MODELMAPPING_WIN\MODELMAPPING_WIN\X64\RELEASE\EPIDEMIC.OBJ
C:\USERS\LORENZO\DOCUMENTS\VISUAL STUDIO 2012\PROJECTS\MODELMAPPING_WIN\MODELMAPPING_WIN\X64\RELEASE\ANALYSE_EPIDEMIC.OBJ
C:\USERS\LORENZO\DOCUMENTS\VISUAL STUDIO 2012\PROJECTS\MODELMAPPING_WIN\MODELMAPPING_WIN\X64\RELEASE\VC110.PDB
C:\USERS\LORENZO\APPDATA\LOCAL\TEMP\IRMAGENT.LOG
C:\USERS\LORENZO\APPDATA\LOCAL\INTEL CORPORATION\REMOTE MONITORING\INTELREMOTEMON.DB
C:\USERS\LORENZO\DOCUMENTS\VISUAL STUDIO 2012\PROJECTS\MODELMAPPING_WIN\X64\RELEASE\MODELMAPPING_WIN.EXE
C:\USERS\LORENZO\DOCUMENTS\VISUAL STUDIO 2012\PROJECTS\MODELMAPPING_WIN\X64\RELEASE\MODELMAPPING_WIN.PDB
C:\USERS\LORENZO\DOCUMENTS\VISUAL STUDIO 2012\PROJECTS\MODELMAPPING_WIN\X64\RELEASE\MODELMAPPING_WIN.EXE.MANIFEST
c:\Users\Lorenzo\documents\visual studio 2012\Projects\ModelMapping_Win\ModelMapping_Win\x64\Release\analyse_epidemic.obj
c:\Users\Lorenzo\documents\visual studio 2012\Projects\ModelMapping_Win\ModelMapping_Win\x64\Release\epidemic.obj
c:\Users\Lorenzo\documents\visual studio 2012\Projects\ModelMapping_Win\ModelMapping_Win\x64\Release\gammaln.obj
c:\Users\Lorenzo\documents\visual studio 2012\Projects\ModelMapping_Win\ModelMapping_Win\x64\Release\load_network.obj
c:\Users\Lorenzo\documents\visual studio 2012\Projects\ModelMapping_Win\ModelMapping_Win\x64\Release\Main.obj
c:\Users\Lorenzo\documents\visual studio 2012\Projects\ModelMapping_Win\ModelMapping_Win\x64\Release\print_output.obj
c:\Users\Lorenzo\documents\visual studio 2012\Projects\ModelMapping_Win\ModelMapping_Win\x64\Release\ran2.obj
c:\Users\Lorenzo\documents\visual studio 2012\Projects\ModelMapping_Win\ModelMapping_Win\x64\Release\read.obj
c:\Users\Lorenzo\documents\visual studio 2012\Projects\ModelMapping_Win\ModelMapping_Win\x64\Release\rnd_binom.obj
c:\Users\Lorenzo\documents\visual studio 2012\Projects\ModelMapping_Win\ModelMapping_Win\x64\Release\rnd_exp.obj
c:\Users\Lorenzo\documents\visual studio 2012\Projects\ModelMapping_Win\ModelMapping_Win\x64\Release\rnd_gamma.obj
c:\Users\Lorenzo\documents\visual studio 2012\Projects\ModelMapping_Win\ModelMapping_Win\x64\Release\rnd_poiss.obj
c:\Users\Lorenzo\documents\visual studio 2012\Projects\ModelMapping_Win\ModelMapping_Win\x64\Release\cl.command.1.tlog
c:\Users\Lorenzo\documents\visual studio 2012\Projects\ModelMapping_Win\ModelMapping_Win\x64\Release\CL.read.1.tlog
c:\Users\Lorenzo\documents\visual studio 2012\Projects\ModelMapping_Win\ModelMapping_Win\x64\Release\CL.write.1.tlog
c:\Users\Lorenzo\documents\visual studio 2012\Projects\ModelMapping_Win\ModelMapping_Win\x64\Release\icl-intelremotemonserver-intelremotemonagent-intelremotemonagent2.read.1.tlog
c:\Users\Lorenzo\documents\visual studio 2012\Projects\ModelMapping_Win\ModelMapping_Win\x64\Release\icl-intelremotemonserver-intelremotemonagent-intelremotemonagent2.write.1.tlog
c:\Users\Lorenzo\documents\visual studio 2012\Projects\ModelMapping_Win\ModelMapping_Win\x64\Release\icl-intelremotemonserver-intelremotemonagent.read.1.tlog
c:\Users\Lorenzo\documents\visual studio 2012\Projects\ModelMapping_Win\ModelMapping_Win\x64\Release\icl-intelremotemonserver-intelremotemonagent.read.2.tlog
c:\Users\Lorenzo\documents\visual studio 2012\Projects\ModelMapping_Win\ModelMapping_Win\x64\Release\icl-intelremotemonserver-intelremotemonagent.write.2.tlog
c:\Users\Lorenzo\documents\visual studio 2012\Projects\ModelMapping_Win\ModelMapping_Win\x64\Release\icl-intelremotemonserver.read.1.tlog
c:\Users\Lorenzo\documents\visual studio 2012\Projects\ModelMapping_Win\ModelMapping_Win\x64\Release\icl-intelremotemonserver.read.2.tlog
c:\Users\Lorenzo\documents\visual studio 2012\Projects\ModelMapping_Win\ModelMapping_Win\x64\Release\icl-intelremotemonserver.read.4.tlog
c:\Users\Lorenzo\documents\visual studio 2012\Projects\ModelMapping_Win\ModelMapping_Win\x64\Release\icl-intelremotemonserver.write.2.tlog
c:\Users\Lorenzo\documents\visual studio 2012\Projects\ModelMapping_Win\ModelMapping_Win\x64\Release\icl-intelremotemonserver.write.4.tlog
c:\Users\Lorenzo\documents\visual studio 2012\Projects\ModelMapping_Win\ModelMapping_Win\x64\Release\icl-mcpcom.read.1.tlog
c:\Users\Lorenzo\documents\visual studio 2012\Projects\ModelMapping_Win\ModelMapping_Win\x64\Release\icl-mcpcom.write.1.tlog
c:\Users\Lorenzo\documents\visual studio 2012\Projects\ModelMapping_Win\ModelMapping_Win\x64\Release\icl.command.1.tlog
c:\Users\Lorenzo\documents\visual studio 2012\Projects\ModelMapping_Win\ModelMapping_Win\x64\Release\icl.read.1.tlog
c:\Users\Lorenzo\documents\visual studio 2012\Projects\ModelMapping_Win\ModelMapping_Win\x64\Release\icl.write.1.tlog
c:\Users\Lorenzo\documents\visual studio 2012\Projects\ModelMapping_Win\ModelMapping_Win\x64\Release\link-cvtres.read.1.tlog
c:\Users\Lorenzo\documents\visual studio 2012\Projects\ModelMapping_Win\ModelMapping_Win\x64\Release\link-cvtres.write.1.tlog
c:\Users\Lorenzo\documents\visual studio 2012\Projects\ModelMapping_Win\ModelMapping_Win\x64\Release\link-rc.read.1.tlog
c:\Users\Lorenzo\documents\visual studio 2012\Projects\ModelMapping_Win\ModelMapping_Win\x64\Release\link-rc.write.1.tlog
c:\Users\Lorenzo\documents\visual studio 2012\Projects\ModelMapping_Win\ModelMapping_Win\x64\Release\link.command.1.tlog
c:\Users\Lorenzo\documents\visual studio 2012\Projects\ModelMapping_Win\ModelMapping_Win\x64\Release\link.read.1.tlog
c:\Users\Lorenzo\documents\visual studio 2012\Projects\ModelMapping_Win\ModelMapping_Win\x64\Release\link.write.1.tlog
c:\Users\Lorenzo\documents\visual studio 2012\Projects\ModelMapping_Win\ModelMapping_Win\x64\Release\xilink-link.read.1.tlog
c:\Users\Lorenzo\documents\visual studio 2012\Projects\ModelMapping_Win\ModelMapping_Win\x64\Release\xilink-link.write.1.tlog
c:\Users\Lorenzo\documents\visual studio 2012\Projects\ModelMapping_Win\ModelMapping_Win\x64\Release\xilink-mcpcom.read.1.tlog
c:\Users\Lorenzo\documents\visual studio 2012\Projects\ModelMapping_Win\ModelMapping_Win\x64\Release\xilink-mcpcom.write.1.tlog
c:\Users\Lorenzo\documents\visual studio 2012\Projects\ModelMapping_Win\ModelMapping_Win\x64\Release\xilink.command.1.tlog
c:\Users\Lorenzo\documents\visual studio 2012\Projects\ModelMapping_Win\ModelMapping_Win\x64\Release\xilink.read.1.tlog
c:\Users\Lorenzo\documents\visual studio 2012\Projects\ModelMapping_Win\ModelMapping_Win\x64\Release\xilink.write.1.tlog
c:\Users\Lorenzo\documents\visual studio 2012\Projects\ModelMapping_Win\ModelMapping_Win\x64\Release\vc110.pdb
c:\users\lorenzo\documents\visual studio 2012\Projects\ModelMapping_Win\x64\Release\ModelMapping_Win.exe.manifest
c:\users\lorenzo\documents\visual studio 2012\Projects\ModelMapping_Win\x64\Release\ModelMapping_Win.pdb
c:\users\lorenzo\documents\visual studio 2012\Projects\ModelMapping_Win\x64\Release\ModelMapping_Win.exe
