C:\USERS\LORENZO\DOCUMENTS\VISUAL STUDIO 2012\PROJECTS\MODELMAPPING_WIN\MODELMAPPING_WIN\X64\DEBUG\ANALYSE_EPIDEMIC.OBJ
C:\USERS\LORENZO\DOCUMENTS\VISUAL STUDIO 2012\PROJECTS\MODELMAPPING_WIN\MODELMAPPING_WIN\X64\DEBUG\EPIDEMIC.OBJ
C:\USERS\LORENZO\DOCUMENTS\VISUAL STUDIO 2012\PROJECTS\MODELMAPPING_WIN\MODELMAPPING_WIN\X64\DEBUG\GAMMALN.OBJ
C:\USERS\LORENZO\DOCUMENTS\VISUAL STUDIO 2012\PROJECTS\MODELMAPPING_WIN\MODELMAPPING_WIN\X64\DEBUG\LOAD_NETWORK.OBJ
C:\USERS\LORENZO\DOCUMENTS\VISUAL STUDIO 2012\PROJECTS\MODELMAPPING_WIN\MODELMAPPING_WIN\X64\DEBUG\MAIN.OBJ
C:\USERS\LORENZO\DOCUMENTS\VISUAL STUDIO 2012\PROJECTS\MODELMAPPING_WIN\MODELMAPPING_WIN\X64\DEBUG\PRINT_OUTPUT.OBJ
C:\USERS\LORENZO\DOCUMENTS\VISUAL STUDIO 2012\PROJECTS\MODELMAPPING_WIN\MODELMAPPING_WIN\X64\DEBUG\RAN2.OBJ
C:\USERS\LORENZO\DOCUMENTS\VISUAL STUDIO 2012\PROJECTS\MODELMAPPING_WIN\MODELMAPPING_WIN\X64\DEBUG\READ.OBJ
C:\USERS\LORENZO\DOCUMENTS\VISUAL STUDIO 2012\PROJECTS\MODELMAPPING_WIN\MODELMAPPING_WIN\X64\DEBUG\RND_BINOM.OBJ
C:\USERS\LORENZO\DOCUMENTS\VISUAL STUDIO 2012\PROJECTS\MODELMAPPING_WIN\MODELMAPPING_WIN\X64\DEBUG\RND_EXP.OBJ
C:\USERS\LORENZO\DOCUMENTS\VISUAL STUDIO 2012\PROJECTS\MODELMAPPING_WIN\MODELMAPPING_WIN\X64\DEBUG\RND_GAMMA.OBJ
C:\USERS\LORENZO\DOCUMENTS\VISUAL STUDIO 2012\PROJECTS\MODELMAPPING_WIN\MODELMAPPING_WIN\X64\DEBUG\RND_POISS.OBJ
C:\USERS\LORENZO\DOCUMENTS\VISUAL STUDIO 2012\PROJECTS\MODELMAPPING_WIN\MODELMAPPING_WIN\X64\DEBUG\VC110.PDB
C:\USERS\LORENZO\DOCUMENTS\VISUAL STUDIO 2012\PROJECTS\MODELMAPPING_WIN\X64\DEBUG\MODELMAPPING_WIN.ILK
C:\USERS\LORENZO\DOCUMENTS\VISUAL STUDIO 2012\PROJECTS\MODELMAPPING_WIN\X64\DEBUG\MODELMAPPING_WIN.EXE
C:\USERS\LORENZO\DOCUMENTS\VISUAL STUDIO 2012\PROJECTS\MODELMAPPING_WIN\X64\DEBUG\MODELMAPPING_WIN.EXE.MANIFEST
c:\users\lorenzo\documents\visual studio 2012\Projects\ModelMapping_Win\x64\Debug\ModelMapping_Win.exe.manifest
c:\users\lorenzo\documents\visual studio 2012\Projects\ModelMapping_Win\x64\Debug\ModelMapping_Win.pdb
c:\users\lorenzo\documents\visual studio 2012\Projects\ModelMapping_Win\x64\Debug\ModelMapping_Win.exe
c:\users\lorenzo\documents\visual studio 2012\Projects\ModelMapping_Win\x64\Debug\ModelMapping_Win.ilk
c:\Users\Lorenzo\documents\visual studio 2012\Projects\ModelMapping_Win\ModelMapping_Win\x64\Debug\analyse_epidemic.obj
c:\Users\Lorenzo\documents\visual studio 2012\Projects\ModelMapping_Win\ModelMapping_Win\x64\Debug\epidemic.obj
c:\Users\Lorenzo\documents\visual studio 2012\Projects\ModelMapping_Win\ModelMapping_Win\x64\Debug\gammaln.obj
c:\Users\Lorenzo\documents\visual studio 2012\Projects\ModelMapping_Win\ModelMapping_Win\x64\Debug\load_network.obj
c:\Users\Lorenzo\documents\visual studio 2012\Projects\ModelMapping_Win\ModelMapping_Win\x64\Debug\Main.obj
c:\Users\Lorenzo\documents\visual studio 2012\Projects\ModelMapping_Win\ModelMapping_Win\x64\Debug\print_output.obj
c:\Users\Lorenzo\documents\visual studio 2012\Projects\ModelMapping_Win\ModelMapping_Win\x64\Debug\ran2.obj
c:\Users\Lorenzo\documents\visual studio 2012\Projects\ModelMapping_Win\ModelMapping_Win\x64\Debug\read.obj
c:\Users\Lorenzo\documents\visual studio 2012\Projects\ModelMapping_Win\ModelMapping_Win\x64\Debug\rnd_binom.obj
c:\Users\Lorenzo\documents\visual studio 2012\Projects\ModelMapping_Win\ModelMapping_Win\x64\Debug\rnd_exp.obj
c:\Users\Lorenzo\documents\visual studio 2012\Projects\ModelMapping_Win\ModelMapping_Win\x64\Debug\rnd_gamma.obj
c:\Users\Lorenzo\documents\visual studio 2012\Projects\ModelMapping_Win\ModelMapping_Win\x64\Debug\rnd_poiss.obj
c:\Users\Lorenzo\documents\visual studio 2012\Projects\ModelMapping_Win\ModelMapping_Win\x64\Debug\icl-mcpcom.read.1.tlog
c:\Users\Lorenzo\documents\visual studio 2012\Projects\ModelMapping_Win\ModelMapping_Win\x64\Debug\icl-mcpcom.write.1.tlog
c:\Users\Lorenzo\documents\visual studio 2012\Projects\ModelMapping_Win\ModelMapping_Win\x64\Debug\icl.command.1.tlog
c:\Users\Lorenzo\documents\visual studio 2012\Projects\ModelMapping_Win\ModelMapping_Win\x64\Debug\icl.read.1.tlog
c:\Users\Lorenzo\documents\visual studio 2012\Projects\ModelMapping_Win\ModelMapping_Win\x64\Debug\icl.write.1.tlog
c:\Users\Lorenzo\documents\visual studio 2012\Projects\ModelMapping_Win\ModelMapping_Win\x64\Debug\xilink-link.read.1.tlog
c:\Users\Lorenzo\documents\visual studio 2012\Projects\ModelMapping_Win\ModelMapping_Win\x64\Debug\xilink-link.write.1.tlog
c:\Users\Lorenzo\documents\visual studio 2012\Projects\ModelMapping_Win\ModelMapping_Win\x64\Debug\xilink-mcpcom.read.1.tlog
c:\Users\Lorenzo\documents\visual studio 2012\Projects\ModelMapping_Win\ModelMapping_Win\x64\Debug\xilink-mcpcom.write.1.tlog
c:\Users\Lorenzo\documents\visual studio 2012\Projects\ModelMapping_Win\ModelMapping_Win\x64\Debug\xilink.command.1.tlog
c:\Users\Lorenzo\documents\visual studio 2012\Projects\ModelMapping_Win\ModelMapping_Win\x64\Debug\xilink.read.1.tlog
c:\Users\Lorenzo\documents\visual studio 2012\Projects\ModelMapping_Win\ModelMapping_Win\x64\Debug\xilink.write.1.tlog
c:\Users\Lorenzo\documents\visual studio 2012\Projects\ModelMapping_Win\ModelMapping_Win\x64\Debug\vc110.pdb
